INFO:root:__init__ ran with args: (<deepaugment.deepaugment.DeepAugment object at 0x2ac2ba5cd668>,), and kwargs: {'images': array([[[[ 59,  62,  63],
         [ 43,  46,  45],
         [ 50,  48,  43],
         ...,
         [158, 132, 108],
         [152, 125, 102],
         [148, 124, 103]],

        [[ 16,  20,  20],
         [  0,   0,   0],
         [ 18,   8,   0],
         ...,
         [123,  88,  55],
         [119,  83,  50],
         [122,  87,  57]],

        [[ 25,  24,  21],
         [ 16,   7,   0],
         [ 49,  27,   8],
         ...,
         [118,  84,  50],
         [120,  84,  50],
         [109,  73,  42]],

        ...,

        [[208, 170,  96],
         [201, 153,  34],
         [198, 161,  26],
         ...,
         [160, 133,  70],
         [ 56,  31,   7],
         [ 53,  34,  20]],

        [[180, 139,  96],
         [173, 123,  42],
         [186, 144,  30],
         ...,
         [184, 148,  94],
         [ 97,  62,  34],
         [ 83,  53,  34]],

        [[177, 144, 116],
         [168, 129,  94],
         [179, 142,  87],
         ...,
         [216, 184, 140],
         [151, 118,  84],
         [123,  92,  72]]],


       [[[154, 177, 187],
         [126, 137, 136],
         [105, 104,  95],
         ...,
         [ 91,  95,  71],
         [ 87,  90,  71],
         [ 79,  81,  70]],

        [[140, 160, 169],
         [145, 153, 154],
         [125, 125, 118],
         ...,
         [ 96,  99,  78],
         [ 77,  80,  62],
         [ 71,  73,  61]],

        [[140, 155, 164],
         [139, 146, 149],
         [115, 115, 112],
         ...,
         [ 79,  82,  64],
         [ 68,  70,  55],
         [ 67,  69,  55]],

        ...,

        [[175, 167, 166],
         [156, 154, 160],
         [154, 160, 170],
         ...,
         [ 42,  34,  36],
         [ 61,  53,  57],
         [ 93,  83,  91]],

        [[165, 154, 128],
         [156, 152, 130],
         [159, 161, 142],
         ...,
         [103,  93,  96],
         [123, 114, 120],
         [131, 121, 131]],

        [[163, 148, 120],
         [158, 148, 122],
         [163, 156, 133],
         ...,
         [143, 133, 139],
         [143, 134, 142],
         [143, 133, 144]]],


       [[[255, 255, 255],
         [253, 253, 253],
         [253, 253, 253],
         ...,
         [253, 253, 253],
         [253, 253, 253],
         [253, 253, 253]],

        [[255, 255, 255],
         [255, 255, 255],
         [255, 255, 255],
         ...,
         [255, 255, 255],
         [255, 255, 255],
         [255, 255, 255]],

        [[255, 255, 255],
         [254, 254, 254],
         [254, 254, 254],
         ...,
         [254, 254, 254],
         [254, 254, 254],
         [254, 254, 254]],

        ...,

        [[113, 120, 112],
         [111, 118, 111],
         [105, 112, 106],
         ...,
         [ 72,  81,  80],
         [ 72,  80,  79],
         [ 72,  80,  79]],

        [[111, 118, 110],
         [104, 111, 104],
         [ 99, 106,  98],
         ...,
         [ 68,  75,  73],
         [ 70,  76,  75],
         [ 78,  84,  82]],

        [[106, 113, 105],
         [ 99, 106,  98],
         [ 95, 102,  94],
         ...,
         [ 78,  85,  83],
         [ 79,  85,  83],
         [ 80,  86,  84]]],


       ...,


       [[[ 35, 178, 235],
         [ 40, 176, 239],
         [ 42, 176, 241],
         ...,
         [ 99, 177, 219],
         [ 79, 147, 197],
         [ 89, 148, 189]],

        [[ 57, 182, 234],
         [ 44, 184, 250],
         [ 50, 183, 240],
         ...,
         [156, 182, 200],
         [141, 177, 206],
         [116, 149, 175]],

        [[ 98, 197, 237],
         [ 64, 189, 252],
         [ 69, 192, 245],
         ...,
         [188, 195, 206],
         [119, 135, 147],
         [ 61,  79,  90]],

        ...,

        [[ 73,  79,  77],
         [ 53,  63,  68],
         [ 54,  68,  80],
         ...,
         [ 17,  40,  64],
         [ 21,  36,  51],
         [ 33,  48,  49]],

        [[ 61,  68,  75],
         [ 55,  70,  86],
         [ 57,  79, 103],
         ...,
         [ 24,  48,  72],
         [ 17,  35,  53],
         [  7,  23,  32]],

        [[ 44,  56,  73],
         [ 46,  66,  88],
         [ 49,  77, 105],
         ...,
         [ 27,  52,  77],
         [ 21,  43,  66],
         [ 12,  31,  50]]],


       [[[189, 211, 240],
         [186, 208, 236],
         [185, 207, 235],
         ...,
         [175, 195, 224],
         [172, 194, 222],
         [169, 194, 220]],

        [[194, 210, 239],
         [191, 207, 236],
         [190, 206, 235],
         ...,
         [173, 192, 220],
         [171, 191, 218],
         [167, 190, 216]],

        [[208, 219, 244],
         [205, 216, 240],
         [204, 215, 239],
         ...,
         [175, 191, 217],
         [172, 190, 216],
         [169, 191, 215]],

        ...,

        [[207, 199, 181],
         [203, 195, 175],
         [203, 196, 173],
         ...,
         [135, 132, 127],
         [162, 158, 150],
         [168, 163, 151]],

        [[198, 190, 170],
         [189, 181, 159],
         [180, 172, 147],
         ...,
         [178, 171, 160],
         [175, 169, 156],
         [175, 169, 154]],

        [[198, 189, 173],
         [189, 181, 162],
         [178, 170, 149],
         ...,
         [195, 184, 169],
         [196, 189, 171],
         [195, 190, 171]]],


       [[[229, 229, 239],
         [236, 237, 247],
         [234, 236, 247],
         ...,
         [217, 219, 233],
         [221, 223, 234],
         [222, 223, 233]],

        [[222, 221, 229],
         [239, 239, 249],
         [233, 234, 246],
         ...,
         [223, 223, 236],
         [227, 228, 238],
         [210, 211, 220]],

        [[213, 206, 211],
         [234, 232, 239],
         [231, 233, 244],
         ...,
         [220, 220, 232],
         [220, 219, 232],
         [202, 203, 215]],

        ...,

        [[150, 143, 135],
         [140, 135, 127],
         [132, 127, 120],
         ...,
         [224, 222, 218],
         [230, 228, 225],
         [241, 241, 238]],

        [[137, 132, 126],
         [130, 127, 120],
         [125, 121, 115],
         ...,
         [181, 180, 178],
         [202, 201, 198],
         [212, 211, 207]],

        [[122, 119, 114],
         [118, 116, 110],
         [120, 116, 111],
         ...,
         [179, 177, 173],
         [164, 164, 162],
         [163, 163, 161]]]], dtype=uint8), 'labels': array([[6],
       [9],
       [9],
       ...,
       [9],
       [1],
       [1]], dtype=uint8), 'config': {'model': 'basiccnn', 'method': 'bayesian_optimization', 'train_set_size': 2000, 'opt_samples': 3, 'opt_last_n_epochs': 3, 'opt_initial_points': 10, 'child_epochs': 10, 'child_first_train_epochs': 0, 'child_batch_size': 64}}
INFO:root:0, 0.5666666666401756, ['rotate', 0.0, 'rotate', 0.0, 'rotate', 0.0, 'rotate', 0.0, 'rotate', 0.0, 'rotate', 0.0, 'rotate', 0.0, 'rotate', 0.0, 'rotate', 0.0, 'rotate', 0.0]
INFO:root:1, 0.5407777777777778, ['brighten', 0.8442657485810175, 'horizontal-flip', 0.8472517387841256, 'invert', 0.38438170729269994, 'sharpen', 0.056712977317443194, 'translate-y', 0.47766511732135, 'coarse-salt-pepper', 0.47997717237505744, 'additive-gaussian-noise', 0.8360787635373778, 'emboss', 0.6481718720511973, 'emboss', 0.9571551589530466, 'rotate', 0.8700872583584366]
INFO:root:2, 0.5499999997615814, ['dropout', 0.8009107519796445, 'coarse-dropout', 0.6788795301189604, 'clouds', 0.5820197920751072, 'gamma-contrast', 0.7586156243223574, 'rotate', 0.47360041934665753, 'shear', 0.7369181771289582, 'translate-x', 0.13521817340545209, 'sharpen', 0.1496748671836832, 'translate-x', 0.38648898112586205, 'horizontal-flip', 0.4499499899112277]
