INFO:root:__init__ ran with args: (<deepaugment.deepaugment.DeepAugment object at 0x2b4fcd836630>,), and kwargs: {'images': array([[[[ 59,  62,  63],
         [ 43,  46,  45],
         [ 50,  48,  43],
         ...,
         [158, 132, 108],
         [152, 125, 102],
         [148, 124, 103]],

        [[ 16,  20,  20],
         [  0,   0,   0],
         [ 18,   8,   0],
         ...,
         [123,  88,  55],
         [119,  83,  50],
         [122,  87,  57]],

        [[ 25,  24,  21],
         [ 16,   7,   0],
         [ 49,  27,   8],
         ...,
         [118,  84,  50],
         [120,  84,  50],
         [109,  73,  42]],

        ...,

        [[208, 170,  96],
         [201, 153,  34],
         [198, 161,  26],
         ...,
         [160, 133,  70],
         [ 56,  31,   7],
         [ 53,  34,  20]],

        [[180, 139,  96],
         [173, 123,  42],
         [186, 144,  30],
         ...,
         [184, 148,  94],
         [ 97,  62,  34],
         [ 83,  53,  34]],

        [[177, 144, 116],
         [168, 129,  94],
         [179, 142,  87],
         ...,
         [216, 184, 140],
         [151, 118,  84],
         [123,  92,  72]]],


       [[[154, 177, 187],
         [126, 137, 136],
         [105, 104,  95],
         ...,
         [ 91,  95,  71],
         [ 87,  90,  71],
         [ 79,  81,  70]],

        [[140, 160, 169],
         [145, 153, 154],
         [125, 125, 118],
         ...,
         [ 96,  99,  78],
         [ 77,  80,  62],
         [ 71,  73,  61]],

        [[140, 155, 164],
         [139, 146, 149],
         [115, 115, 112],
         ...,
         [ 79,  82,  64],
         [ 68,  70,  55],
         [ 67,  69,  55]],

        ...,

        [[175, 167, 166],
         [156, 154, 160],
         [154, 160, 170],
         ...,
         [ 42,  34,  36],
         [ 61,  53,  57],
         [ 93,  83,  91]],

        [[165, 154, 128],
         [156, 152, 130],
         [159, 161, 142],
         ...,
         [103,  93,  96],
         [123, 114, 120],
         [131, 121, 131]],

        [[163, 148, 120],
         [158, 148, 122],
         [163, 156, 133],
         ...,
         [143, 133, 139],
         [143, 134, 142],
         [143, 133, 144]]],


       [[[255, 255, 255],
         [253, 253, 253],
         [253, 253, 253],
         ...,
         [253, 253, 253],
         [253, 253, 253],
         [253, 253, 253]],

        [[255, 255, 255],
         [255, 255, 255],
         [255, 255, 255],
         ...,
         [255, 255, 255],
         [255, 255, 255],
         [255, 255, 255]],

        [[255, 255, 255],
         [254, 254, 254],
         [254, 254, 254],
         ...,
         [254, 254, 254],
         [254, 254, 254],
         [254, 254, 254]],

        ...,

        [[113, 120, 112],
         [111, 118, 111],
         [105, 112, 106],
         ...,
         [ 72,  81,  80],
         [ 72,  80,  79],
         [ 72,  80,  79]],

        [[111, 118, 110],
         [104, 111, 104],
         [ 99, 106,  98],
         ...,
         [ 68,  75,  73],
         [ 70,  76,  75],
         [ 78,  84,  82]],

        [[106, 113, 105],
         [ 99, 106,  98],
         [ 95, 102,  94],
         ...,
         [ 78,  85,  83],
         [ 79,  85,  83],
         [ 80,  86,  84]]],


       ...,


       [[[ 35, 178, 235],
         [ 40, 176, 239],
         [ 42, 176, 241],
         ...,
         [ 99, 177, 219],
         [ 79, 147, 197],
         [ 89, 148, 189]],

        [[ 57, 182, 234],
         [ 44, 184, 250],
         [ 50, 183, 240],
         ...,
         [156, 182, 200],
         [141, 177, 206],
         [116, 149, 175]],

        [[ 98, 197, 237],
         [ 64, 189, 252],
         [ 69, 192, 245],
         ...,
         [188, 195, 206],
         [119, 135, 147],
         [ 61,  79,  90]],

        ...,

        [[ 73,  79,  77],
         [ 53,  63,  68],
         [ 54,  68,  80],
         ...,
         [ 17,  40,  64],
         [ 21,  36,  51],
         [ 33,  48,  49]],

        [[ 61,  68,  75],
         [ 55,  70,  86],
         [ 57,  79, 103],
         ...,
         [ 24,  48,  72],
         [ 17,  35,  53],
         [  7,  23,  32]],

        [[ 44,  56,  73],
         [ 46,  66,  88],
         [ 49,  77, 105],
         ...,
         [ 27,  52,  77],
         [ 21,  43,  66],
         [ 12,  31,  50]]],


       [[[189, 211, 240],
         [186, 208, 236],
         [185, 207, 235],
         ...,
         [175, 195, 224],
         [172, 194, 222],
         [169, 194, 220]],

        [[194, 210, 239],
         [191, 207, 236],
         [190, 206, 235],
         ...,
         [173, 192, 220],
         [171, 191, 218],
         [167, 190, 216]],

        [[208, 219, 244],
         [205, 216, 240],
         [204, 215, 239],
         ...,
         [175, 191, 217],
         [172, 190, 216],
         [169, 191, 215]],

        ...,

        [[207, 199, 181],
         [203, 195, 175],
         [203, 196, 173],
         ...,
         [135, 132, 127],
         [162, 158, 150],
         [168, 163, 151]],

        [[198, 190, 170],
         [189, 181, 159],
         [180, 172, 147],
         ...,
         [178, 171, 160],
         [175, 169, 156],
         [175, 169, 154]],

        [[198, 189, 173],
         [189, 181, 162],
         [178, 170, 149],
         ...,
         [195, 184, 169],
         [196, 189, 171],
         [195, 190, 171]]],


       [[[229, 229, 239],
         [236, 237, 247],
         [234, 236, 247],
         ...,
         [217, 219, 233],
         [221, 223, 234],
         [222, 223, 233]],

        [[222, 221, 229],
         [239, 239, 249],
         [233, 234, 246],
         ...,
         [223, 223, 236],
         [227, 228, 238],
         [210, 211, 220]],

        [[213, 206, 211],
         [234, 232, 239],
         [231, 233, 244],
         ...,
         [220, 220, 232],
         [220, 219, 232],
         [202, 203, 215]],

        ...,

        [[150, 143, 135],
         [140, 135, 127],
         [132, 127, 120],
         ...,
         [224, 222, 218],
         [230, 228, 225],
         [241, 241, 238]],

        [[137, 132, 126],
         [130, 127, 120],
         [125, 121, 115],
         ...,
         [181, 180, 178],
         [202, 201, 198],
         [212, 211, 207]],

        [[122, 119, 114],
         [118, 116, 110],
         [120, 116, 111],
         ...,
         [179, 177, 173],
         [164, 164, 162],
         [163, 163, 161]]]], dtype=uint8), 'labels': array([[6],
       [9],
       [9],
       ...,
       [9],
       [1],
       [1]], dtype=uint8), 'config': {'model': 'basiccnn', 'method': 'bayesian_optimization', 'train_set_size': 2000, 'opt_samples': 3, 'opt_last_n_epochs': 3, 'opt_initial_points': 10, 'child_epochs': 10, 'child_first_train_epochs': 0, 'child_batch_size': 64}}
INFO:root:0, 0.5558888889418707, ['rotate', 0.0, 'rotate', 0.0, 'rotate', 0.0, 'rotate', 0.0, 'rotate', 0.0, 'rotate', 0.0, 'rotate', 0.0, 'rotate', 0.0, 'rotate', 0.0, 'rotate', 0.0]
INFO:root:1, 0.5495555555820466, ['brighten', 0.8442657485810175, 'horizontal-flip', 0.8472517387841256, 'invert', 0.38438170729269994, 'sharpen', 0.056712977317443194, 'translate-y', 0.47766511732135, 'coarse-salt-pepper', 0.47997717237505744, 'additive-gaussian-noise', 0.8360787635373778, 'emboss', 0.6481718720511973, 'emboss', 0.9571551589530466, 'rotate', 0.8700872583584366]
INFO:root:2, 0.5396666666666667, ['dropout', 0.8009107519796445, 'coarse-dropout', 0.6788795301189604, 'clouds', 0.5820197920751072, 'gamma-contrast', 0.7586156243223574, 'rotate', 0.47360041934665753, 'shear', 0.7369181771289582, 'translate-x', 0.13521817340545209, 'sharpen', 0.1496748671836832, 'translate-x', 0.38648898112586205, 'horizontal-flip', 0.4499499899112277]
INFO:root:3, 0.5675555556615195, ['brighten', 0.9023485831739845, 'rotate', 0.969809067746749, 'invert', 0.17090958513604518, 'emboss', 0.7506861412184564, 'brighten', 0.32504722900835253, 'crop', 0.6342740579573352, 'RandomEracing', 0.652790317005491, 'invert', 0.9952995676778879, 'brighten', 0.4143685882263689, 'dropout', 0.6235101011318683]
INFO:root:4, 0.5734444443914626, ['emboss', 0.6747523222590208, 'sharpen', 0.7783454820259093, 'vertical-flip', 0.6625268669500444, 'crop', 0.6228460955466696, 'fog', 0.971945002499666, 'horizontal-flip', 0.5096243767199002, 'gaussian-blur', 0.4511592145209282, 'crop', 0.4417109212488455, 'RandomEracing', 0.35944446396932156, 'coarse-dropout', 0.6886611828057705]
INFO:root:5, 0.5600000000264909, ['horizontal-flip', 0.9182354663621449, 'translate-x', 0.5651888666048754, 'horizontal-flip', 0.5089689606670146, 'vertical-flip', 0.9211576102372, 'gaussian-blur', 0.2777185612810325, 'crop', 0.8423420796677312, 'invert', 0.8413861191973546, 'translate-y', 0.39782075275862916, 'gamma-contrast', 0.16494046024188416, 'emboss', 0.14644176272911227]
INFO:root:6, 0.5375555555025737, ['gamma-contrast', 0.7037372792899164, 'sharpen', 0.43328806198204417, 'clouds', 0.3960982754233624, 'horizontal-flip', 0.638921076231313, 'horizontal-flip', 0.6800555694634124, 'dropout', 0.9785709284207172, 'rotate', 0.767023703558727, 'additive-gaussian-noise', 0.6754390812002361, 'translate-y', 0.313218331945951, 'RandomEracing', 0.5884650850687495]
INFO:root:7, 0.5660000000264909, ['invert', 0.5332062539166483, 'translate-x', 0.39486929345022925, 'brighten', 0.4748675154089421, 'dropout', 0.7160745312286433, 'sharpen', 0.383462225034948, 'clouds', 0.8784521902760423, 'rotate', 0.09237388946089821, 'emboss', 0.5518162591332589, 'crop', 0.9689617652602739, 'sharpen', 0.22126268518378284]
INFO:root:8, 0.5543333332008786, ['rotate', 0.0972599270631739, 'RandomEracing', 0.26034092758740474, 'gamma-contrast', 0.44792617187073, 'rotate', 0.3523116612005331, 'dropout', 0.8411401297855997, 'horizontal-flip', 0.03755938382814029, 'coarse-dropout', 0.16684751304849968, 'add-to-hue-and-saturation', 0.8649332956024929, 'additive-gaussian-noise', 0.1399725854932017, 'crop', 0.9825749598251938]
INFO:root:9, 0.5581111112170749, ['emboss', 0.4200753697906108, 'gaussian-blur', 0.3654961062634104, 'crop', 0.23074233540679573, 'add-to-hue-and-saturation', 0.9441235194354548, 'clouds', 0.33940381944951864, 'coarse-dropout', 0.33898511677977833, 'shear', 0.1709865986831315, 'dropout', 0.8745729576449968, 'vertical-flip', 0.6082528658540131, 'brighten', 0.7836442453018887]
INFO:root:10, 0.5408888890213437, ['sharpen', 0.974131750996376, 'brighten', 0.07508157288948504, 'dropout', 0.07744361975878113, 'coarse-dropout', 0.6639318703193523, 'dropout', 0.7093146513530091, 'sharpen', 0.8124275491816132, 'emboss', 0.9016742107768521, 'additive-gaussian-noise', 0.9331255489227754, 'translate-y', 0.2939790670084918, 'invert', 0.5447942577274542]
