INFO:root:run_full_model ran with args: (array([[[[ 59,  62,  63],
         [ 43,  46,  45],
         [ 50,  48,  43],
         ...,
         [158, 132, 108],
         [152, 125, 102],
         [148, 124, 103]],

        [[ 16,  20,  20],
         [  0,   0,   0],
         [ 18,   8,   0],
         ...,
         [123,  88,  55],
         [119,  83,  50],
         [122,  87,  57]],

        [[ 25,  24,  21],
         [ 16,   7,   0],
         [ 49,  27,   8],
         ...,
         [118,  84,  50],
         [120,  84,  50],
         [109,  73,  42]],

        ...,

        [[208, 170,  96],
         [201, 153,  34],
         [198, 161,  26],
         ...,
         [160, 133,  70],
         [ 56,  31,   7],
         [ 53,  34,  20]],

        [[180, 139,  96],
         [173, 123,  42],
         [186, 144,  30],
         ...,
         [184, 148,  94],
         [ 97,  62,  34],
         [ 83,  53,  34]],

        [[177, 144, 116],
         [168, 129,  94],
         [179, 142,  87],
         ...,
         [216, 184, 140],
         [151, 118,  84],
         [123,  92,  72]]],


       [[[154, 177, 187],
         [126, 137, 136],
         [105, 104,  95],
         ...,
         [ 91,  95,  71],
         [ 87,  90,  71],
         [ 79,  81,  70]],

        [[140, 160, 169],
         [145, 153, 154],
         [125, 125, 118],
         ...,
         [ 96,  99,  78],
         [ 77,  80,  62],
         [ 71,  73,  61]],

        [[140, 155, 164],
         [139, 146, 149],
         [115, 115, 112],
         ...,
         [ 79,  82,  64],
         [ 68,  70,  55],
         [ 67,  69,  55]],

        ...,

        [[175, 167, 166],
         [156, 154, 160],
         [154, 160, 170],
         ...,
         [ 42,  34,  36],
         [ 61,  53,  57],
         [ 93,  83,  91]],

        [[165, 154, 128],
         [156, 152, 130],
         [159, 161, 142],
         ...,
         [103,  93,  96],
         [123, 114, 120],
         [131, 121, 131]],

        [[163, 148, 120],
         [158, 148, 122],
         [163, 156, 133],
         ...,
         [143, 133, 139],
         [143, 134, 142],
         [143, 133, 144]]],


       [[[255, 255, 255],
         [253, 253, 253],
         [253, 253, 253],
         ...,
         [253, 253, 253],
         [253, 253, 253],
         [253, 253, 253]],

        [[255, 255, 255],
         [255, 255, 255],
         [255, 255, 255],
         ...,
         [255, 255, 255],
         [255, 255, 255],
         [255, 255, 255]],

        [[255, 255, 255],
         [254, 254, 254],
         [254, 254, 254],
         ...,
         [254, 254, 254],
         [254, 254, 254],
         [254, 254, 254]],

        ...,

        [[113, 120, 112],
         [111, 118, 111],
         [105, 112, 106],
         ...,
         [ 72,  81,  80],
         [ 72,  80,  79],
         [ 72,  80,  79]],

        [[111, 118, 110],
         [104, 111, 104],
         [ 99, 106,  98],
         ...,
         [ 68,  75,  73],
         [ 70,  76,  75],
         [ 78,  84,  82]],

        [[106, 113, 105],
         [ 99, 106,  98],
         [ 95, 102,  94],
         ...,
         [ 78,  85,  83],
         [ 79,  85,  83],
         [ 80,  86,  84]]],


       ...,


       [[[ 20,  15,  12],
         [ 19,  14,  11],
         [ 15,  14,  11],
         ...,
         [ 10,   9,   7],
         [ 12,  11,   9],
         [ 13,  12,  10]],

        [[ 21,  16,  13],
         [ 20,  16,  13],
         [ 18,  17,  12],
         ...,
         [ 10,   9,   7],
         [ 10,   9,   7],
         [ 12,  11,   9]],

        [[ 21,  16,  13],
         [ 21,  17,  12],
         [ 20,  18,  11],
         ...,
         [ 12,  11,   9],
         [ 12,  11,   9],
         [ 13,  12,  10]],

        ...,

        [[ 33,  25,  13],
         [ 34,  26,  15],
         [ 34,  26,  15],
         ...,
         [ 28,  25,  52],
         [ 29,  25,  58],
         [ 23,  20,  42]],

        [[ 33,  25,  14],
         [ 34,  26,  15],
         [ 34,  26,  15],
         ...,
         [ 27,  24,  52],
         [ 27,  24,  56],
         [ 25,  22,  47]],

        [[ 31,  23,  12],
         [ 32,  24,  13],
         [ 33,  25,  14],
         ...,
         [ 24,  23,  50],
         [ 26,  23,  53],
         [ 25,  20,  47]]],


       [[[ 25,  40,  12],
         [ 15,  36,   3],
         [ 23,  41,  18],
         ...,
         [ 61,  82,  78],
         [ 92, 113, 112],
         [ 75,  89,  92]],

        [[ 12,  25,   6],
         [ 20,  37,   7],
         [ 24,  36,  15],
         ...,
         [115, 134, 138],
         [149, 168, 177],
         [104, 117, 131]],

        [[ 12,  25,  11],
         [ 15,  29,   6],
         [ 34,  40,  24],
         ...,
         [154, 172, 182],
         [157, 175, 192],
         [116, 129, 151]],

        ...,

        [[100, 129,  81],
         [103, 132,  84],
         [104, 134,  86],
         ...,
         [ 97, 128,  84],
         [ 98, 126,  84],
         [ 91, 121,  79]],

        [[103, 132,  83],
         [104, 131,  83],
         [107, 135,  87],
         ...,
         [101, 132,  87],
         [ 99, 127,  84],
         [ 92, 121,  79]],

        [[ 95, 126,  78],
         [ 95, 123,  76],
         [101, 128,  81],
         ...,
         [ 93, 124,  80],
         [ 95, 123,  81],
         [ 92, 120,  80]]],


       [[[ 73,  78,  75],
         [ 98, 103, 113],
         [ 99, 106, 114],
         ...,
         [135, 150, 152],
         [135, 149, 154],
         [203, 215, 223]],

        [[ 69,  73,  70],
         [ 84,  89,  97],
         [ 68,  75,  81],
         ...,
         [ 85,  95,  89],
         [ 71,  82,  80],
         [120, 133, 135]],

        [[ 69,  73,  70],
         [ 90,  95, 100],
         [ 62,  71,  74],
         ...,
         [ 74,  81,  70],
         [ 53,  62,  54],
         [ 62,  74,  69]],

        ...,

        [[123, 128,  96],
         [132, 132, 102],
         [129, 128, 100],
         ...,
         [108, 107,  88],
         [ 62,  60,  55],
         [ 27,  27,  28]],

        [[115, 121,  91],
         [123, 124,  95],
         [129, 126,  99],
         ...,
         [115, 116,  94],
         [ 66,  65,  59],
         [ 27,  27,  27]],

        [[116, 120,  90],
         [121, 122,  94],
         [129, 128, 101],
         ...,
         [116, 115,  94],
         [ 68,  65,  58],
         [ 27,  26,  26]]]], dtype=uint8), array([[6],
       [9],
       [9],
       ...,
       [5],
       [1],
       [7]])), and kwargs: {'test_proportion': 0.1, 'model': 'wrn_28_10', 'epochs': 100, 'batch_size': 32, 'policies_path': '/home/acb11354uz/B4new/deep/lib/python3.6/site-packages/reports/experiments/11-02_21-47/top20_policies.csv'}
INFO:root:wrn_28_10 model built as child model.
 Model summary:
